0 info it worked if it ends with ok
1 verbose cli [ '/usr/local/Cellar/node/10.0.0/bin/node',
1 verbose cli   '/usr/local/bin/npm',
1 verbose cli   'run',
1 verbose cli   'build' ]
2 info using npm@5.6.0
3 info using node@v10.0.0
4 verbose run-script [ 'prebuild', 'build', 'postbuild' ]
5 info lifecycle berlinouest@1.0.0~prebuild: berlinouest@1.0.0
6 info lifecycle berlinouest@1.0.0~build: berlinouest@1.0.0
7 verbose lifecycle berlinouest@1.0.0~build: unsafe-perm in lifecycle true
8 verbose lifecycle berlinouest@1.0.0~build: PATH: /usr/local/lib/node_modules/npm/node_modules/npm-lifecycle/node-gyp-bin:/Users/remi/Sandbox/BerlinEst/berlinouest/node_modules/.bin:/usr/local/bin:/usr/local/sbin:/usr/bin:/bin:/usr/sbin:/sbin
9 verbose lifecycle berlinouest@1.0.0~build: CWD: /Users/remi/Sandbox/BerlinEst/berlinouest
10 silly lifecycle berlinouest@1.0.0~build: Args: [ '-c', 'react-scripts build' ]
11 silly lifecycle berlinouest@1.0.0~build: Returned: code: 1  signal: null
12 info lifecycle berlinouest@1.0.0~build: Failed to exec build script
13 verbose stack Error: berlinouest@1.0.0 build: `react-scripts build`
13 verbose stack Exit status 1
13 verbose stack     at EventEmitter.<anonymous> (/usr/local/lib/node_modules/npm/node_modules/npm-lifecycle/index.js:285:16)
13 verbose stack     at EventEmitter.emit (events.js:182:13)
13 verbose stack     at ChildProcess.<anonymous> (/usr/local/lib/node_modules/npm/node_modules/npm-lifecycle/lib/spawn.js:55:14)
13 verbose stack     at ChildProcess.emit (events.js:182:13)
13 verbose stack     at maybeClose (internal/child_process.js:947:16)
13 verbose stack     at Process.ChildProcess._handle.onexit (internal/child_process.js:236:5)
14 verbose pkgid berlinouest@1.0.0
15 verbose cwd /Users/remi/Sandbox/BerlinEst/berlinouest
16 verbose Darwin 16.7.0
17 verbose argv "/usr/local/Cellar/node/10.0.0/bin/node" "/usr/local/bin/npm" "run" "build"
18 verbose node v10.0.0
19 verbose npm  v5.6.0
20 error code ELIFECYCLE
21 error errno 1
22 error berlinouest@1.0.0 build: `react-scripts build`
22 error Exit status 1
23 error Failed at the berlinouest@1.0.0 build script.
23 error This is probably not a problem with npm. There is likely additional logging output above.
24 verbose exit [ 1, true ]
